INFO:__main__:Initializing GNN with historical match graph...
INFO:__main__:GNN Learned from 11 matches. Teams mapped: 9
INFO:main:Initializing GNN with historical match graph...
INFO:main:GNN Learned from 11 matches. Teams mapped: 9
INFO:     Started server process [26876]
INFO:     Waiting for application startup.
INFO:main:>>> 正在抓取历史数据构建 GNN 知识图谱 (Last 90 Days)...
INFO:main:  (GNN) Connecting to API-Sports for recent results (Last 3 Days)...
ERROR:main:  (GNN) Real Data Fetch Failed: HTTPSConnectionPool(host='v3.football.api-sports.io', port=443): Max retries exceeded with url: /fixtures?date=2026-01-13&status=FT (Caused by NewConnectionError("HTTPSConnection(host='v3.football.api-sports.io', port=443): Failed to establish a new connection: [WinError 10048] 通常每个套接字地址(协议/网络地址/端口)只允许使用一次。"))
INFO:main:  (GNN) Loading Base Knowledge Graph (Historical)...
INFO:main:>>> GNN 训练完成. Total Nodes: 9 (Base: 11 + Recent: 0)
INFO:main:>>> Created Schedule Map for 0 teams.
INFO:main:>>> 正在轮询滚球数据 (16s interval)...
INFO:main:Starting auto-settlement background task...
INFO:     Application startup complete.
INFO:     Uvicorn running on http://127.0.0.1:8000 (Press CTRL+C to quit)
INFO:main:DEBUG: Odds (Bet365) response items: 0
ERROR:main:API Error Response: {'token': 'Error/Missing application key. Go to https://www.api-football.com/documentation-v3 to learn how to get your API application key.'}
INFO:main:滚球数据更新成功: 抓取到 0 场正在进行的比赛 (总联赛: 0, 屏蔽: 9)
INFO:main:>>> 正在轮询滚球数据 (16s interval)...
INFO:main:DEBUG: Odds (Bet365) response items: 0
ERROR:main:API Error Response: {'token': 'Error/Missing application key. Go to https://www.api-football.com/documentation-v3 to learn how to get your API application key.'}
INFO:main:滚球数据更新成功: 抓取到 0 场正在进行的比赛 (总联赛: 0, 屏蔽: 9)
INFO:main:>>> 正在轮询滚球数据 (16s interval)...
INFO:main:DEBUG: Odds (Bet365) response items: 0
ERROR:main:API Error Response: {'token': 'Error/Missing application key. Go to https://www.api-football.com/documentation-v3 to learn how to get your API application key.'}
INFO:main:滚球数据更新成功: 抓取到 0 场正在进行的比赛 (总联赛: 0, 屏蔽: 9)
INFO:main:>>> 正在轮询滚球数据 (16s interval)...
INFO:main:DEBUG: Odds (Bet365) response items: 0
ERROR:main:API Error Response: {'token': 'Error/Missing application key. Go to https://www.api-football.com/documentation-v3 to learn how to get your API application key.'}
INFO:main:滚球数据更新成功: 抓取到 0 场正在进行的比赛 (总联赛: 0, 屏蔽: 9)
INFO:main:>>> 正在轮询滚球数据 (16s interval)...
INFO:main:DEBUG: Odds (Bet365) response items: 0
ERROR:main:API Error Response: {'token': 'Error/Missing application key. Go to https://www.api-football.com/documentation-v3 to learn how to get your API application key.'}
INFO:main:滚球数据更新成功: 抓取到 0 场正在进行的比赛 (总联赛: 0, 屏蔽: 9)
